Built skiff-utils
Built skiff-mail-protos
[STARTED] Parse Configuration
[SUCCESS] Parse Configuration
[STARTED] Generate outputs
[STARTED] Generate to src/types.ts
[STARTED] Generate to src/completeSchema.graphql
[STARTED] Load GraphQL schemas
[STARTED] Load GraphQL schemas
[SUCCESS] Load GraphQL schemas
[SUCCESS] Load GraphQL schemas
[STARTED] Load GraphQL documents
[STARTED] Load GraphQL documents
[SUCCESS] Load GraphQL documents
[SUCCESS] Load GraphQL documents
[STARTED] Generate
[STARTED] Generate
[SUCCESS] Generate
[SUCCESS] Generate
[SUCCESS] Generate to src/types.ts
[SUCCESS] Generate to src/completeSchema.graphql
[SUCCESS] Generate outputs
Built skiff-graphql
Built skiff-crypto
[STARTED] Parse Configuration
[SUCCESS] Parse Configuration
[STARTED] Generate outputs
[STARTED] Generate to ./generated/graphql.tsx
[STARTED] Load GraphQL schemas
[SUCCESS] Load GraphQL schemas
[STARTED] Load GraphQL documents
[SUCCESS] Load GraphQL documents
[STARTED] Generate
[SUCCESS] Generate outputs
